<?xml version="1.0" encoding="UTF-8"?><testsuite errors="4" failures="0" name="com.booker.restful.restfulbooker.BookingCRUDTest" skipped="0" tests="4" time="0.77" timestamp="2022-06-06T13:28:17.226+01:00[Europe/London]"><testcase classname="com.booker.restful.restfulbooker.BookingCRUDTest" name="This will create new booking"><error message="baseURI cannot be null" type="java.lang.IllegalArgumentException">baseURI cannot be null</error><system-err>baseURI cannot be null&#13;
io.restassured.internal.assertion.AssertParameter.notNull(AssertParameter.groovy:26)&#13;
io.restassured.internal.RequestSpecificationImpl.&lt;init&gt;(RequestSpecificationImpl.groovy:132)&#13;
io.restassured.RestAssured.createTestSpecification(RestAssured.java:1492)&#13;
io.restassured.RestAssured.given(RestAssured.java:711)&#13;
net.serenitybdd.rest.SerenityRest.given(SerenityRest.java:211)&#13;
com.booker.restful.restfulbookerinfo.BookingSteps.createBooking(BookingSteps.java:22)&#13;
com.booker.restful.restfulbooker.BookingCRUDTest.test001(BookingCRUDTest.java:40)&#13;
</system-err></testcase><testcase classname="com.booker.restful.restfulbooker.BookingCRUDTest" name="Verify if the Booking was done correctly"><error message="baseURI cannot be null" type="java.lang.IllegalArgumentException">baseURI cannot be null</error><system-err>baseURI cannot be null&#13;
io.restassured.internal.assertion.AssertParameter.notNull(AssertParameter.groovy:26)&#13;
io.restassured.internal.RequestSpecificationImpl.&lt;init&gt;(RequestSpecificationImpl.groovy:132)&#13;
io.restassured.RestAssured.createTestSpecification(RestAssured.java:1492)&#13;
io.restassured.RestAssured.given(RestAssured.java:711)&#13;
net.serenitybdd.rest.SerenityRest.given(SerenityRest.java:211)&#13;
com.booker.restful.restfulbookerinfo.BookingSteps.getBookingInfoByFirstname(BookingSteps.java:34)&#13;
com.booker.restful.restfulbooker.BookingCRUDTest.test002(BookingCRUDTest.java:47)&#13;
</system-err></testcase><testcase classname="com.booker.restful.restfulbooker.BookingCRUDTest" name="Update the Booking and verify the updated information"><error message="baseURI cannot be null" type="java.lang.IllegalArgumentException">baseURI cannot be null</error><system-err>baseURI cannot be null&#13;
io.restassured.internal.assertion.AssertParameter.notNull(AssertParameter.groovy:26)&#13;
io.restassured.internal.RequestSpecificationImpl.&lt;init&gt;(RequestSpecificationImpl.groovy:132)&#13;
io.restassured.RestAssured.createTestSpecification(RestAssured.java:1492)&#13;
io.restassured.RestAssured.given(RestAssured.java:711)&#13;
net.serenitybdd.rest.SerenityRest.given(SerenityRest.java:211)&#13;
com.booker.restful.restfulbookerinfo.BookingSteps.updateBooking(BookingSteps.java:53)&#13;
com.booker.restful.restfulbooker.BookingCRUDTest.test003(BookingCRUDTest.java:63)&#13;
</system-err></testcase><testcase classname="com.booker.restful.restfulbooker.BookingCRUDTest" name="Delete the Booking and verify if the Booking is deleted!"><error message="baseURI cannot be null" type="java.lang.IllegalArgumentException">baseURI cannot be null</error><system-err>baseURI cannot be null&#13;
io.restassured.internal.assertion.AssertParameter.notNull(AssertParameter.groovy:26)&#13;
io.restassured.internal.RequestSpecificationImpl.&lt;init&gt;(RequestSpecificationImpl.groovy:132)&#13;
io.restassured.RestAssured.createTestSpecification(RestAssured.java:1492)&#13;
io.restassured.RestAssured.given(RestAssured.java:711)&#13;
net.serenitybdd.rest.SerenityRest.given(SerenityRest.java:211)&#13;
com.booker.restful.restfulbookerinfo.BookingSteps.deleteBooking(BookingSteps.java:70)&#13;
com.booker.restful.restfulbooker.BookingCRUDTest.test004(BookingCRUDTest.java:71)&#13;
</system-err></testcase></testsuite>